Traceback (most recent call last):
  File "/Users/ethan/opt/miniconda3/envs/pythonbook2/lib/python3.10/site-packages/jupyter_cache/executors/utils.py", line 51, in single_nb_execution
    executenb(
  File "/Users/ethan/opt/miniconda3/envs/pythonbook2/lib/python3.10/site-packages/nbclient/client.py", line 1204, in execute
    return NotebookClient(nb=nb, resources=resources, km=km, **kwargs).execute()
  File "/Users/ethan/opt/miniconda3/envs/pythonbook2/lib/python3.10/site-packages/nbclient/util.py", line 84, in wrapped
    return just_run(coro(*args, **kwargs))
  File "/Users/ethan/opt/miniconda3/envs/pythonbook2/lib/python3.10/site-packages/nbclient/util.py", line 62, in just_run
    return loop.run_until_complete(coro)
  File "/Users/ethan/opt/miniconda3/envs/pythonbook2/lib/python3.10/asyncio/base_events.py", line 649, in run_until_complete
    return future.result()
  File "/Users/ethan/opt/miniconda3/envs/pythonbook2/lib/python3.10/site-packages/nbclient/client.py", line 663, in async_execute
    await self.async_execute_cell(
  File "/Users/ethan/opt/miniconda3/envs/pythonbook2/lib/python3.10/site-packages/nbclient/client.py", line 965, in async_execute_cell
    await self._check_raise_for_error(cell, cell_index, exec_reply)
  File "/Users/ethan/opt/miniconda3/envs/pythonbook2/lib/python3.10/site-packages/nbclient/client.py", line 862, in _check_raise_for_error
    raise CellExecutionError.from_cell_and_msg(cell, exec_reply_content)
nbclient.exceptions.CellExecutionError: An error occurred while executing the following cell:
------------------
import seaborn as sns

fibonacci = [1,1,2,3,5,8,13]
x = [1,2,3,4,5,6,7]

# By the way, instead of x = [1,2,3,4,5,6,7] we could have also written
#x = range(1,len(fibonacci)+1)
# This achieves the same thing, and could be useful e.g. if we didn't know how long the fibonacci list was.

sns.scatterplot(x = x, y = fibonacci)
------------------

[0;31m---------------------------------------------------------------------------[0m
[0;31mModuleNotFoundError[0m                       Traceback (most recent call last)
Cell [0;32mIn[1], line 1[0m
[0;32m----> 1[0m [38;5;28;01mimport[39;00m [38;5;21;01mseaborn[39;00m [38;5;28;01mas[39;00m [38;5;21;01msns[39;00m
[1;32m      3[0m fibonacci [38;5;241m=[39m [[38;5;241m1[39m,[38;5;241m1[39m,[38;5;241m2[39m,[38;5;241m3[39m,[38;5;241m5[39m,[38;5;241m8[39m,[38;5;241m13[39m]
[1;32m      4[0m x [38;5;241m=[39m [[38;5;241m1[39m,[38;5;241m2[39m,[38;5;241m3[39m,[38;5;241m4[39m,[38;5;241m5[39m,[38;5;241m6[39m,[38;5;241m7[39m]

[0;31mModuleNotFoundError[0m: No module named 'seaborn'
ModuleNotFoundError: No module named 'seaborn'

