Traceback (most recent call last):
  File "/Users/ethan/opt/miniconda3/envs/pythonbook2/lib/python3.10/site-packages/jupyter_cache/executors/utils.py", line 51, in single_nb_execution
    executenb(
  File "/Users/ethan/opt/miniconda3/envs/pythonbook2/lib/python3.10/site-packages/nbclient/client.py", line 1204, in execute
    return NotebookClient(nb=nb, resources=resources, km=km, **kwargs).execute()
  File "/Users/ethan/opt/miniconda3/envs/pythonbook2/lib/python3.10/site-packages/nbclient/util.py", line 84, in wrapped
    return just_run(coro(*args, **kwargs))
  File "/Users/ethan/opt/miniconda3/envs/pythonbook2/lib/python3.10/site-packages/nbclient/util.py", line 62, in just_run
    return loop.run_until_complete(coro)
  File "/Users/ethan/opt/miniconda3/envs/pythonbook2/lib/python3.10/asyncio/base_events.py", line 649, in run_until_complete
    return future.result()
  File "/Users/ethan/opt/miniconda3/envs/pythonbook2/lib/python3.10/site-packages/nbclient/client.py", line 663, in async_execute
    await self.async_execute_cell(
  File "/Users/ethan/opt/miniconda3/envs/pythonbook2/lib/python3.10/site-packages/nbclient/client.py", line 965, in async_execute_cell
    await self._check_raise_for_error(cell, cell_index, exec_reply)
  File "/Users/ethan/opt/miniconda3/envs/pythonbook2/lib/python3.10/site-packages/nbclient/client.py", line 862, in _check_raise_for_error
    raise CellExecutionError.from_cell_and_msg(cell, exec_reply_content)
nbclient.exceptions.CellExecutionError: An error occurred while executing the following cell:
------------------
import pingouin as pg

model1 = pg.anova(dv='mood_gain', between='drug', data=df, detailed=True)
round(model1, 2)
------------------

[0;31m---------------------------------------------------------------------------[0m
[0;31mModuleNotFoundError[0m                       Traceback (most recent call last)
Cell [0;32mIn[6], line 1[0m
[0;32m----> 1[0m [38;5;28;01mimport[39;00m [38;5;21;01mpingouin[39;00m [38;5;28;01mas[39;00m [38;5;21;01mpg[39;00m
[1;32m      3[0m model1 [38;5;241m=[39m pg[38;5;241m.[39manova(dv[38;5;241m=[39m[38;5;124m'[39m[38;5;124mmood_gain[39m[38;5;124m'[39m, between[38;5;241m=[39m[38;5;124m'[39m[38;5;124mdrug[39m[38;5;124m'[39m, data[38;5;241m=[39mdf, detailed[38;5;241m=[39m[38;5;28;01mTrue[39;00m)
[1;32m      4[0m [38;5;28mround[39m(model1, [38;5;241m2[39m)

[0;31mModuleNotFoundError[0m: No module named 'pingouin'
ModuleNotFoundError: No module named 'pingouin'

