Traceback (most recent call last):
  File "/opt/anaconda3/envs/pythonbook2/lib/python3.10/site-packages/jupyter_cache/executors/utils.py", line 51, in single_nb_execution
    executenb(
  File "/opt/anaconda3/envs/pythonbook2/lib/python3.10/site-packages/nbclient/client.py", line 1204, in execute
    return NotebookClient(nb=nb, resources=resources, km=km, **kwargs).execute()
  File "/opt/anaconda3/envs/pythonbook2/lib/python3.10/site-packages/nbclient/util.py", line 84, in wrapped
    return just_run(coro(*args, **kwargs))
  File "/opt/anaconda3/envs/pythonbook2/lib/python3.10/site-packages/nbclient/util.py", line 62, in just_run
    return loop.run_until_complete(coro)
  File "/opt/anaconda3/envs/pythonbook2/lib/python3.10/asyncio/base_events.py", line 646, in run_until_complete
    return future.result()
  File "/opt/anaconda3/envs/pythonbook2/lib/python3.10/site-packages/nbclient/client.py", line 663, in async_execute
    await self.async_execute_cell(
  File "/opt/anaconda3/envs/pythonbook2/lib/python3.10/site-packages/nbclient/client.py", line 965, in async_execute_cell
    await self._check_raise_for_error(cell, cell_index, exec_reply)
  File "/opt/anaconda3/envs/pythonbook2/lib/python3.10/site-packages/nbclient/client.py", line 862, in _check_raise_for_error
    raise CellExecutionError.from_cell_and_msg(cell, exec_reply_content)
nbclient.exceptions.CellExecutionError: An error occurred while executing the following cell:
------------------
from myst_nb import glue
import pandas as pd

data = {'Department': ['A', 'B', 'C', 'D', 'E', 'F'],
       'Male Applicants': [825,560,325,417,191,272],
       'Male Percent Admitted': ['62%','63%','37%','33%','28%','6%'],
       'Female Applicants': [108,25,593,375,393,341],
       'Female Percent Admitted': ['82%','68%','34%','35%','24%','7%']}

df = pd.DataFrame(data)

glue("berkley-table", df, display=False)
------------------

[0;31m---------------------------------------------------------------------------[0m
[0;31mModuleNotFoundError[0m                       Traceback (most recent call last)
Input [0;32mIn [1][0m, in [0;36m<cell line: 2>[0;34m()[0m
[1;32m      1[0m [38;5;28;01mfrom[39;00m [38;5;21;01mmyst_nb[39;00m [38;5;28;01mimport[39;00m glue
[0;32m----> 2[0m [38;5;28;01mimport[39;00m [38;5;21;01mpandas[39;00m [38;5;28;01mas[39;00m [38;5;21;01mpd[39;00m
[1;32m      4[0m data [38;5;241m=[39m {[38;5;124m'[39m[38;5;124mDepartment[39m[38;5;124m'[39m: [[38;5;124m'[39m[38;5;124mA[39m[38;5;124m'[39m, [38;5;124m'[39m[38;5;124mB[39m[38;5;124m'[39m, [38;5;124m'[39m[38;5;124mC[39m[38;5;124m'[39m, [38;5;124m'[39m[38;5;124mD[39m[38;5;124m'[39m, [38;5;124m'[39m[38;5;124mE[39m[38;5;124m'[39m, [38;5;124m'[39m[38;5;124mF[39m[38;5;124m'[39m],
[1;32m      5[0m        [38;5;124m'[39m[38;5;124mMale Applicants[39m[38;5;124m'[39m: [[38;5;241m825[39m,[38;5;241m560[39m,[38;5;241m325[39m,[38;5;241m417[39m,[38;5;241m191[39m,[38;5;241m272[39m],
[1;32m      6[0m        [38;5;124m'[39m[38;5;124mMale Percent Admitted[39m[38;5;124m'[39m: [[38;5;124m'[39m[38;5;124m62[39m[38;5;124m%[39m[38;5;124m'[39m,[38;5;124m'[39m[38;5;124m63[39m[38;5;124m%[39m[38;5;124m'[39m,[38;5;124m'[39m[38;5;124m37[39m[38;5;124m%[39m[38;5;124m'[39m,[38;5;124m'[39m[38;5;124m33[39m[38;5;124m%[39m[38;5;124m'[39m,[38;5;124m'[39m[38;5;124m28[39m[38;5;124m%[39m[38;5;124m'[39m,[38;5;124m'[39m[38;5;124m6[39m[38;5;124m%[39m[38;5;124m'[39m],
[1;32m      7[0m        [38;5;124m'[39m[38;5;124mFemale Applicants[39m[38;5;124m'[39m: [[38;5;241m108[39m,[38;5;241m25[39m,[38;5;241m593[39m,[38;5;241m375[39m,[38;5;241m393[39m,[38;5;241m341[39m],
[1;32m      8[0m        [38;5;124m'[39m[38;5;124mFemale Percent Admitted[39m[38;5;124m'[39m: [[38;5;124m'[39m[38;5;124m82[39m[38;5;124m%[39m[38;5;124m'[39m,[38;5;124m'[39m[38;5;124m68[39m[38;5;124m%[39m[38;5;124m'[39m,[38;5;124m'[39m[38;5;124m34[39m[38;5;124m%[39m[38;5;124m'[39m,[38;5;124m'[39m[38;5;124m35[39m[38;5;124m%[39m[38;5;124m'[39m,[38;5;124m'[39m[38;5;124m24[39m[38;5;124m%[39m[38;5;124m'[39m,[38;5;124m'[39m[38;5;124m7[39m[38;5;124m%[39m[38;5;124m'[39m]}
[1;32m     10[0m df [38;5;241m=[39m pd[38;5;241m.[39mDataFrame(data)

[0;31mModuleNotFoundError[0m: No module named 'pandas'
ModuleNotFoundError: No module named 'pandas'

