Traceback (most recent call last):
  File "/opt/anaconda3/envs/pythonbook2/lib/python3.10/site-packages/jupyter_cache/executors/utils.py", line 51, in single_nb_execution
    executenb(
  File "/opt/anaconda3/envs/pythonbook2/lib/python3.10/site-packages/nbclient/client.py", line 1204, in execute
    return NotebookClient(nb=nb, resources=resources, km=km, **kwargs).execute()
  File "/opt/anaconda3/envs/pythonbook2/lib/python3.10/site-packages/nbclient/util.py", line 84, in wrapped
    return just_run(coro(*args, **kwargs))
  File "/opt/anaconda3/envs/pythonbook2/lib/python3.10/site-packages/nbclient/util.py", line 62, in just_run
    return loop.run_until_complete(coro)
  File "/opt/anaconda3/envs/pythonbook2/lib/python3.10/asyncio/base_events.py", line 646, in run_until_complete
    return future.result()
  File "/opt/anaconda3/envs/pythonbook2/lib/python3.10/site-packages/nbclient/client.py", line 663, in async_execute
    await self.async_execute_cell(
  File "/opt/anaconda3/envs/pythonbook2/lib/python3.10/site-packages/nbclient/client.py", line 965, in async_execute_cell
    await self._check_raise_for_error(cell, cell_index, exec_reply)
  File "/opt/anaconda3/envs/pythonbook2/lib/python3.10/site-packages/nbclient/client.py", line 862, in _check_raise_for_error
    raise CellExecutionError.from_cell_and_msg(cell, exec_reply_content)
nbclient.exceptions.CellExecutionError: An error occurred while executing the following cell:
------------------
import pandas as pd

data = {'speaker':["upsy-daisy",  "upsy-daisy",  "upsy-daisy",  "upsy-daisy",  "tombliboo",   "tombliboo",   "makka-pakka", "makka-pakka",
  "makka-pakka", "makka-pakka"],
       'utterance':["pip", "pip", "onk", "onk", "ee",  "oo",  "pip", "pip", "onk", "onk"]}

df = pd.DataFrame(data, columns=['speaker','utterance'])

df

------------------

[0;31m---------------------------------------------------------------------------[0m
[0;31mModuleNotFoundError[0m                       Traceback (most recent call last)
Input [0;32mIn [1][0m, in [0;36m<cell line: 1>[0;34m()[0m
[0;32m----> 1[0m [38;5;28;01mimport[39;00m [38;5;21;01mpandas[39;00m [38;5;28;01mas[39;00m [38;5;21;01mpd[39;00m
[1;32m      3[0m data [38;5;241m=[39m {[38;5;124m'[39m[38;5;124mspeaker[39m[38;5;124m'[39m:[[38;5;124m"[39m[38;5;124mupsy-daisy[39m[38;5;124m"[39m,  [38;5;124m"[39m[38;5;124mupsy-daisy[39m[38;5;124m"[39m,  [38;5;124m"[39m[38;5;124mupsy-daisy[39m[38;5;124m"[39m,  [38;5;124m"[39m[38;5;124mupsy-daisy[39m[38;5;124m"[39m,  [38;5;124m"[39m[38;5;124mtombliboo[39m[38;5;124m"[39m,   [38;5;124m"[39m[38;5;124mtombliboo[39m[38;5;124m"[39m,   [38;5;124m"[39m[38;5;124mmakka-pakka[39m[38;5;124m"[39m, [38;5;124m"[39m[38;5;124mmakka-pakka[39m[38;5;124m"[39m,
[1;32m      4[0m   [38;5;124m"[39m[38;5;124mmakka-pakka[39m[38;5;124m"[39m, [38;5;124m"[39m[38;5;124mmakka-pakka[39m[38;5;124m"[39m],
[1;32m      5[0m        [38;5;124m'[39m[38;5;124mutterance[39m[38;5;124m'[39m:[[38;5;124m"[39m[38;5;124mpip[39m[38;5;124m"[39m, [38;5;124m"[39m[38;5;124mpip[39m[38;5;124m"[39m, [38;5;124m"[39m[38;5;124monk[39m[38;5;124m"[39m, [38;5;124m"[39m[38;5;124monk[39m[38;5;124m"[39m, [38;5;124m"[39m[38;5;124mee[39m[38;5;124m"[39m,  [38;5;124m"[39m[38;5;124moo[39m[38;5;124m"[39m,  [38;5;124m"[39m[38;5;124mpip[39m[38;5;124m"[39m, [38;5;124m"[39m[38;5;124mpip[39m[38;5;124m"[39m, [38;5;124m"[39m[38;5;124monk[39m[38;5;124m"[39m, [38;5;124m"[39m[38;5;124monk[39m[38;5;124m"[39m]}
[1;32m      7[0m df [38;5;241m=[39m pd[38;5;241m.[39mDataFrame(data, columns[38;5;241m=[39m[[38;5;124m'[39m[38;5;124mspeaker[39m[38;5;124m'[39m,[38;5;124m'[39m[38;5;124mutterance[39m[38;5;124m'[39m])

[0;31mModuleNotFoundError[0m: No module named 'pandas'
ModuleNotFoundError: No module named 'pandas'

